# JRE version: Java(TM) SE Runtime Environment (8.0_121-b13) (build 1.8.0_121-b13)
# Java VM: Java HotSpot(TM) 64-Bit Server VM (25.121-b13 mixed mode windows-amd64 compressed oops)
Heap:
 PSYoungGen      total 30208K, used 18253K [0x00000000eb380000, 0x00000000ed880000, 0x0000000100000000)
  eden space 27648K, 56% used [0x00000000eb380000,0x00000000ec2db420,0x00000000ece80000)
  from space 2560K, 98% used [0x00000000ed600000,0x00000000ed8783a0,0x00000000ed880000)
  to   space 2560K, 0% used [0x00000000ed380000,0x00000000ed380000,0x00000000ed600000)
 ParOldGen       total 79872K, used 40635K [0x00000000c1a00000, 0x00000000c6800000, 0x00000000eb380000)
  object space 79872K, 50% used [0x00000000c1a00000,0x00000000c41aee60,0x00000000c6800000)
 Metaspace       used 9610K, capacity 9774K, committed 9984K, reserved 1058816K
  class space    used 1155K, capacity 1253K, committed 1280K, reserved 1048576K
GC Heap History (10 events):
Event: 0.453 GC heap before
{Heap before GC invocations=1 (full 0):
 PSYoungGen      total 18944K, used 16384K [0x00000000eb380000, 0x00000000ec880000, 0x0000000100000000)
  eden space 16384K, 100% used [0x00000000eb380000,0x00000000ec380000,0x00000000ec380000)
  from space 2560K, 0% used [0x00000000ec600000,0x00000000ec600000,0x00000000ec880000)
  to   space 2560K, 0% used [0x00000000ec380000,0x00000000ec380000,0x00000000ec600000)
 ParOldGen       total 44032K, used 23437K [0x00000000c1a00000, 0x00000000c4500000, 0x00000000eb380000)
  object space 44032K, 53% used [0x00000000c1a00000,0x00000000c30e3610,0x00000000c4500000)
 Metaspace       used 7024K, capacity 7160K, committed 7424K, reserved 1056768K
  class space    used 826K, capacity 898K, committed 1024K, reserved 1048576K
Event: 0.456 GC heap after
Heap after GC invocations=1 (full 0):
 PSYoungGen      total 18944K, used 1152K [0x00000000eb380000, 0x00000000ec880000, 0x0000000100000000)
  eden space 16384K, 0% used [0x00000000eb380000,0x00000000eb380000,0x00000000ec380000)
  from space 2560K, 45% used [0x00000000ec380000,0x00000000ec4a0000,0x00000000ec600000)
  to   space 2560K, 0% used [0x00000000ec600000,0x00000000ec600000,0x00000000ec880000)
 ParOldGen       total 44032K, used 23445K [0x00000000c1a00000, 0x00000000c4500000, 0x00000000eb380000)
  object space 44032K, 53% used [0x00000000c1a00000,0x00000000c30e5610,0x00000000c4500000)
 Metaspace       used 7024K, capacity 7160K, committed 7424K, reserved 1056768K
  class space    used 826K, capacity 898K, committed 1024K, reserved 1048576K
}
Event: 0.542 GC heap before
{Heap before GC invocations=2 (full 0):
 PSYoungGen      total 18944K, used 12676K [0x00000000eb380000, 0x00000000ec880000, 0x0000000100000000)
  eden space 16384K, 70% used [0x00000000eb380000,0x00000000ebec1118,0x00000000ec380000)
  from space 2560K, 45% used [0x00000000ec380000,0x00000000ec4a0000,0x00000000ec600000)
  to   space 2560K, 0% used [0x00000000ec600000,0x00000000ec600000,0x00000000ec880000)
 ParOldGen       total 44032K, used 23445K [0x00000000c1a00000, 0x00000000c4500000, 0x00000000eb380000)
  object space 44032K, 53% used [0x00000000c1a00000,0x00000000c30e5610,0x00000000c4500000)
 Metaspace       used 7042K, capacity 7160K, committed 7424K, reserved 1056768K
  class space    used 828K, capacity 898K, committed 1024K, reserved 1048576K
Event: 0.544 GC heap after
Heap after GC invocations=2 (full 0):
 PSYoungGen      total 18944K, used 1152K [0x00000000eb380000, 0x00000000ed880000, 0x0000000100000000)
  eden space 16384K, 0% used [0x00000000eb380000,0x00000000eb380000,0x00000000ec380000)
  from space 2560K, 45% used [0x00000000ec600000,0x00000000ec720020,0x00000000ec880000)
  to   space 2560K, 0% used [0x00000000ec380000,0x00000000ec380000,0x00000000ec600000)
 ParOldGen       total 44032K, used 23453K [0x00000000c1a00000, 0x00000000c4500000, 0x00000000eb380000)
  object space 44032K, 53% used [0x00000000c1a00000,0x00000000c30e7610,0x00000000c4500000)
 Metaspace       used 7042K, capacity 7160K, committed 7424K, reserved 1056768K
  class space    used 828K, capacity 898K, committed 1024K, reserved 1048576K
}
Event: 0.683 GC heap before
{Heap before GC invocations=3 (full 0):
 PSYoungGen      total 18944K, used 17536K [0x00000000eb380000, 0x00000000ed880000, 0x0000000100000000)
  eden space 16384K, 100% used [0x00000000eb380000,0x00000000ec380000,0x00000000ec380000)
  from space 2560K, 45% used [0x00000000ec600000,0x00000000ec720020,0x00000000ec880000)
  to   space 2560K, 0% used [0x00000000ec380000,0x00000000ec380000,0x00000000ec600000)
 ParOldGen       total 44032K, used 23453K [0x00000000c1a00000, 0x00000000c4500000, 0x00000000eb380000)
  object space 44032K, 53% used [0x00000000c1a00000,0x00000000c30e7610,0x00000000c4500000)
 Metaspace       used 7503K, capacity 7672K, committed 7936K, reserved 1056768K
  class space    used 890K, capacity 962K, committed 1024K, reserved 1048576K
Event: 0.695 GC heap after
Heap after GC invocations=3 (full 0):
 PSYoungGen      total 18944K, used 2033K [0x00000000eb380000, 0x00000000ed880000, 0x0000000100000000)
  eden space 16384K, 0% used [0x00000000eb380000,0x00000000eb380000,0x00000000ec380000)
  from space 2560K, 79% used [0x00000000ec380000,0x00000000ec57c550,0x00000000ec600000)
  to   space 2560K, 0% used [0x00000000ed600000,0x00000000ed600000,0x00000000ed880000)
 ParOldGen       total 51712K, used 45727K [0x00000000c1a00000, 0x00000000c4c80000, 0x00000000eb380000)
  object space 51712K, 88% used [0x00000000c1a00000,0x00000000c46a7cc0,0x00000000c4c80000)
 Metaspace       used 7503K, capacity 7672K, committed 7936K, reserved 1056768K
  class space    used 890K, capacity 962K, committed 1024K, reserved 1048576K
}
Event: 0.695 GC heap before
{Heap before GC invocations=4 (full 1):
 PSYoungGen      total 18944K, used 2033K [0x00000000eb380000, 0x00000000ed880000, 0x0000000100000000)
  eden space 16384K, 0% used [0x00000000eb380000,0x00000000eb380000,0x00000000ec380000)
  from space 2560K, 79% used [0x00000000ec380000,0x00000000ec57c550,0x00000000ec600000)
  to   space 2560K, 0% used [0x00000000ed600000,0x00000000ed600000,0x00000000ed880000)
 ParOldGen       total 51712K, used 45727K [0x00000000c1a00000, 0x00000000c4c80000, 0x00000000eb380000)
  object space 51712K, 88% used [0x00000000c1a00000,0x00000000c46a7cc0,0x00000000c4c80000)
 Metaspace       used 7503K, capacity 7672K, committed 7936K, reserved 1056768K
  class space    used 890K, capacity 962K, committed 1024K, reserved 1048576K
Event: 0.708 GC heap after
Heap after GC invocations=4 (full 1):
 PSYoungGen      total 18944K, used 0K [0x00000000eb380000, 0x00000000ed880000, 0x0000000100000000)
  eden space 16384K, 0% used [0x00000000eb380000,0x00000000eb380000,0x00000000ec380000)
  from space 2560K, 0% used [0x00000000ec380000,0x00000000ec380000,0x00000000ec600000)
  to   space 2560K, 0% used [0x00000000ed600000,0x00000000ed600000,0x00000000ed880000)
 ParOldGen       total 79872K, used 32582K [0x00000000c1a00000, 0x00000000c6800000, 0x00000000eb380000)
  object space 79872K, 40% used [0x00000000c1a00000,0x00000000c39d1808,0x00000000c6800000)
 Metaspace       used 7503K, capacity 7672K, committed 7936K, reserved 1056768K
  class space    used 890K, capacity 962K, committed 1024K, reserved 1048576K
}
Event: 0.783 GC heap before
{Heap before GC invocations=5 (full 1):
 PSYoungGen      total 18944K, used 16308K [0x00000000eb380000, 0x00000000ed880000, 0x0000000100000000)
  eden space 16384K, 99% used [0x00000000eb380000,0x00000000ec36d118,0x00000000ec380000)
  from space 2560K, 0% used [0x00000000ec380000,0x00000000ec380000,0x00000000ec600000)
  to   space 2560K, 0% used [0x00000000ed600000,0x00000000ed600000,0x00000000ed880000)
 ParOldGen       total 79872K, used 32582K [0x00000000c1a00000, 0x00000000c6800000, 0x00000000eb380000)
  object space 79872K, 40% used [0x00000000c1a00000,0x00000000c39d1808,0x00000000c6800000)
 Metaspace       used 7578K, capacity 7774K, committed 7936K, reserved 1056768K
  class space    used 898K, capacity 995K, committed 1024K, reserved 1048576K
Event: 0.786 GC heap after
Heap after GC invocations=5 (full 1):
 PSYoungGen      total 30208K, used 2528K [0x00000000eb380000, 0x00000000ed880000, 0x0000000100000000)
  eden space 27648K, 0% used [0x00000000eb380000,0x00000000eb380000,0x00000000ece80000)
  from space 2560K, 98% used [0x00000000ed600000,0x00000000ed8783a0,0x00000000ed880000)
  to   space 2560K, 0% used [0x00000000ed380000,0x00000000ed380000,0x00000000ed600000)
 ParOldGen       total 79872K, used 40635K [0x00000000c1a00000, 0x00000000c6800000, 0x00000000eb380000)
  object space 79872K, 50% used [0x00000000c1a00000,0x00000000c41aee60,0x00000000c6800000)
 Metaspace       used 7578K, capacity 7774K, committed 7936K, reserved 1056768K
  class space    used 898K, capacity 995K, committed 1024K, reserved 1048576K
}

